This file contains any messages produced by compilers while
running configure, to aid debugging if configure makes a mistake.

It was created by thread configure 2.8.0, which was
generated by GNU Autoconf 2.69.  Invocation command line was

  $ /windows/etudes/ECE/ING4/PPE/python/Q_learning/reinforcement_FollE/tcl8.6.6/pkgs/thread2.8.0/configure --with-tcl=../.. --with-tclinclude=/windows/etudes/ECE/ING4/PPE/python/Q_learning/reinforcement_FollE/tcl8.6.6/generic --libdir=/usr/local/lib --enable-shared --enable-threads

## --------- ##
## Platform. ##
## --------- ##

hostname = adrien-MS-7A72
uname -m = x86_64
uname -r = 4.4.0-62-generic
uname -s = Linux
uname -v = #83-Ubuntu SMP Wed Jan 18 14:10:15 UTC 2017

/usr/bin/uname -p = unknown
/bin/uname -X     = unknown

/bin/arch              = unknown
/usr/bin/arch -k       = unknown
/usr/convex/getsysinfo = unknown
/usr/bin/hostinfo      = unknown
/bin/machine           = unknown
/usr/bin/oslevel       = unknown
/bin/universe          = unknown

PATH: /usr/local/sbin
PATH: /usr/local/bin
PATH: /usr/sbin
PATH: /usr/bin
PATH: /sbin
PATH: /bin


## ----------- ##
## Core tests. ##
## ----------- ##

configure:2192: checking for correct TEA configuration
configure:2202: result: warning: requested TEA version "3.9", have "3.10"
configure:2287: configuring thread 2.8.0
configure:2360: checking for Tcl configuration
configure:2485: result: found /windows/etudes/ECE/ING4/PPE/python/Q_learning/reinforcement_FollE/tcl8.6.6/unix/tclConfig.sh
configure:2538: checking for gcc
configure:2554: found /usr/bin/gcc
configure:2565: result: gcc
configure:2794: checking for C compiler version
configure:2803: gcc --version >&5
gcc (Ubuntu 5.4.0-6ubuntu1~16.04.4) 5.4.0 20160609
Copyright (C) 2015 Free Software Foundation, Inc.
This is free software; see the source for copying conditions.  There is NO
warranty; not even for MERCHANTABILITY or FITNESS FOR A PARTICULAR PURPOSE.

configure:2814: $? = 0
configure:2803: gcc -v >&5
Using built-in specs.
COLLECT_GCC=gcc
COLLECT_LTO_WRAPPER=/usr/lib/gcc/x86_64-linux-gnu/5/lto-wrapper
Target: x86_64-linux-gnu
Configured with: ../src/configure -v --with-pkgversion='Ubuntu 5.4.0-6ubuntu1~16.04.4' --with-bugurl=file:///usr/share/doc/gcc-5/README.Bugs --enable-languages=c,ada,c++,java,go,d,fortran,objc,obj-c++ --prefix=/usr --program-suffix=-5 --enable-shared --enable-linker-build-id --libexecdir=/usr/lib --without-included-gettext --enable-threads=posix --libdir=/usr/lib --enable-nls --with-sysroot=/ --enable-clocale=gnu --enable-libstdcxx-debug --enable-libstdcxx-time=yes --with-default-libstdcxx-abi=new --enable-gnu-unique-object --disable-vtable-verify --enable-libmpx --enable-plugin --with-system-zlib --disable-browser-plugin --enable-java-awt=gtk --enable-gtk-cairo --with-java-home=/usr/lib/jvm/java-1.5.0-gcj-5-amd64/jre --enable-java-home --with-jvm-root-dir=/usr/lib/jvm/java-1.5.0-gcj-5-amd64 --with-jvm-jar-dir=/usr/lib/jvm-exports/java-1.5.0-gcj-5-amd64 --with-arch-directory=amd64 --with-ecj-jar=/usr/share/java/eclipse-ecj.jar --enable-objc-gc --enable-multiarch --disable-werror --with-arch-32=i686 --with-abi=m64 --with-multilib-list=m32,m64,mx32 --enable-multilib --with-tune=generic --enable-checking=release --build=x86_64-linux-gnu --host=x86_64-linux-gnu --target=x86_64-linux-gnu
Thread model: posix
gcc version 5.4.0 20160609 (Ubuntu 5.4.0-6ubuntu1~16.04.4) 
configure:2814: $? = 0
configure:2803: gcc -V >&5
gcc: error: unrecognized command line option '-V'
gcc: fatal error: no input files
compilation terminated.
configure:2814: $? = 1
configure:2803: gcc -qversion >&5
gcc: error: unrecognized command line option '-qversion'
gcc: fatal error: no input files
compilation terminated.
configure:2814: $? = 1
configure:2834: checking whether the C compiler works
configure:2856: gcc    conftest.c  >&5
configure:2860: $? = 0
configure:2908: result: yes
configure:2911: checking for C compiler default output file name
configure:2913: result: a.out
configure:2919: checking for suffix of executables
configure:2926: gcc -o conftest    conftest.c  >&5
configure:2930: $? = 0
configure:2952: result: 
configure:2974: checking whether we are cross compiling
configure:2982: gcc -o conftest    conftest.c  >&5
configure:2986: $? = 0
configure:2993: ./conftest
configure:2997: $? = 0
configure:3012: result: no
configure:3017: checking for suffix of object files
configure:3039: gcc -c   conftest.c >&5
configure:3043: $? = 0
configure:3064: result: o
configure:3068: checking whether we are using the GNU C compiler
configure:3087: gcc -c   conftest.c >&5
configure:3087: $? = 0
configure:3096: result: yes
configure:3105: checking whether gcc accepts -g
configure:3125: gcc -c -g  conftest.c >&5
configure:3125: $? = 0
configure:3166: result: yes
configure:3183: checking for gcc option to accept ISO C89
configure:3246: gcc  -c   conftest.c >&5
configure:3246: $? = 0
configure:3259: result: none needed
configure:3281: checking for existence of /windows/etudes/ECE/ING4/PPE/python/Q_learning/reinforcement_FollE/tcl8.6.6/unix/tclConfig.sh
configure:3285: result: loading
configure:3349: checking platform
configure:3367: gcc -c   conftest.c >&5
configure:3367: $? = 0
configure:3417: result: unix
configure:3467: --prefix defaulting to TCL_PREFIX /usr/local
configure:3479: --exec-prefix defaulting to TCL_EXEC_PREFIX /usr/local
configure:3549: checking for gcc
configure:3576: result: gcc
configure:3805: checking for C compiler version
configure:3814: gcc --version >&5
gcc (Ubuntu 5.4.0-6ubuntu1~16.04.4) 5.4.0 20160609
Copyright (C) 2015 Free Software Foundation, Inc.
This is free software; see the source for copying conditions.  There is NO
warranty; not even for MERCHANTABILITY or FITNESS FOR A PARTICULAR PURPOSE.

configure:3825: $? = 0
configure:3814: gcc -v >&5
Using built-in specs.
COLLECT_GCC=gcc
COLLECT_LTO_WRAPPER=/usr/lib/gcc/x86_64-linux-gnu/5/lto-wrapper
Target: x86_64-linux-gnu
Configured with: ../src/configure -v --with-pkgversion='Ubuntu 5.4.0-6ubuntu1~16.04.4' --with-bugurl=file:///usr/share/doc/gcc-5/README.Bugs --enable-languages=c,ada,c++,java,go,d,fortran,objc,obj-c++ --prefix=/usr --program-suffix=-5 --enable-shared --enable-linker-build-id --libexecdir=/usr/lib --without-included-gettext --enable-threads=posix --libdir=/usr/lib --enable-nls --with-sysroot=/ --enable-clocale=gnu --enable-libstdcxx-debug --enable-libstdcxx-time=yes --with-default-libstdcxx-abi=new --enable-gnu-unique-object --disable-vtable-verify --enable-libmpx --enable-plugin --with-system-zlib --disable-browser-plugin --enable-java-awt=gtk --enable-gtk-cairo --with-java-home=/usr/lib/jvm/java-1.5.0-gcj-5-amd64/jre --enable-java-home --with-jvm-root-dir=/usr/lib/jvm/java-1.5.0-gcj-5-amd64 --with-jvm-jar-dir=/usr/lib/jvm-exports/java-1.5.0-gcj-5-amd64 --with-arch-directory=amd64 --with-ecj-jar=/usr/share/java/eclipse-ecj.jar --enable-objc-gc --enable-multiarch --disable-werror --with-arch-32=i686 --with-abi=m64 --with-multilib-list=m32,m64,mx32 --enable-multilib --with-tune=generic --enable-checking=release --build=x86_64-linux-gnu --host=x86_64-linux-gnu --target=x86_64-linux-gnu
Thread model: posix
gcc version 5.4.0 20160609 (Ubuntu 5.4.0-6ubuntu1~16.04.4) 
configure:3825: $? = 0
configure:3814: gcc -V >&5
gcc: error: unrecognized command line option '-V'
gcc: fatal error: no input files
compilation terminated.
configure:3825: $? = 1
configure:3814: gcc -qversion >&5
gcc: error: unrecognized command line option '-qversion'
gcc: fatal error: no input files
compilation terminated.
configure:3825: $? = 1
configure:3829: checking whether we are using the GNU C compiler
configure:3857: result: yes
configure:3866: checking whether gcc accepts -g
configure:3927: result: yes
configure:3944: checking for gcc option to accept ISO C89
configure:4020: result: none needed
configure:4045: checking how to run the C preprocessor
configure:4076: gcc -E  conftest.c
configure:4076: $? = 0
configure:4090: gcc -E  conftest.c
conftest.c:10:28: fatal error: ac_nonexistent.h: No such file or directory
compilation terminated.
configure:4090: $? = 1
configure: failed program was:
| /* confdefs.h */
| #define PACKAGE_NAME "thread"
| #define PACKAGE_TARNAME "thread"
| #define PACKAGE_VERSION "2.8.0"
| #define PACKAGE_STRING "thread 2.8.0"
| #define PACKAGE_BUGREPORT ""
| #define PACKAGE_URL ""
| #define BUILD_thread /**/
| /* end confdefs.h.  */
| #include <ac_nonexistent.h>
configure:4115: result: gcc -E
configure:4135: gcc -E  conftest.c
configure:4135: $? = 0
configure:4149: gcc -E  conftest.c
conftest.c:10:28: fatal error: ac_nonexistent.h: No such file or directory
compilation terminated.
configure:4149: $? = 1
configure: failed program was:
| /* confdefs.h */
| #define PACKAGE_NAME "thread"
| #define PACKAGE_TARNAME "thread"
| #define PACKAGE_VERSION "2.8.0"
| #define PACKAGE_STRING "thread 2.8.0"
| #define PACKAGE_BUGREPORT ""
| #define PACKAGE_URL ""
| #define BUILD_thread /**/
| /* end confdefs.h.  */
| #include <ac_nonexistent.h>
configure:4196: checking whether make sets $(MAKE)
configure:4218: result: yes
configure:4275: checking for ranlib
configure:4291: found /usr/bin/ranlib
configure:4302: result: ranlib
configure:4333: checking for grep that handles long lines and -e
configure:4391: result: /bin/grep
configure:4396: checking for egrep
configure:4458: result: /bin/grep -E
configure:4463: checking for ANSI C header files
configure:4483: gcc -c   conftest.c >&5
configure:4483: $? = 0
configure:4556: gcc -o conftest    conftest.c  >&5
configure:4556: $? = 0
configure:4556: ./conftest
configure:4556: $? = 0
configure:4567: result: yes
configure:4580: checking for sys/types.h
configure:4580: gcc -c   conftest.c >&5
configure:4580: $? = 0
configure:4580: result: yes
configure:4580: checking for sys/stat.h
configure:4580: gcc -c   conftest.c >&5
configure:4580: $? = 0
configure:4580: result: yes
configure:4580: checking for stdlib.h
configure:4580: gcc -c   conftest.c >&5
configure:4580: $? = 0
configure:4580: result: yes
configure:4580: checking for string.h
configure:4580: gcc -c   conftest.c >&5
configure:4580: $? = 0
configure:4580: result: yes
configure:4580: checking for memory.h
configure:4580: gcc -c   conftest.c >&5
configure:4580: $? = 0
configure:4580: result: yes
configure:4580: checking for strings.h
configure:4580: gcc -c   conftest.c >&5
configure:4580: $? = 0
configure:4580: result: yes
configure:4580: checking for inttypes.h
configure:4580: gcc -c   conftest.c >&5
configure:4580: $? = 0
configure:4580: result: yes
configure:4580: checking for stdint.h
configure:4580: gcc -c   conftest.c >&5
configure:4580: $? = 0
configure:4580: result: yes
configure:4580: checking for unistd.h
configure:4580: gcc -c   conftest.c >&5
configure:4580: $? = 0
configure:4580: result: yes
configure:4602: checking if the compiler understands -pipe
configure:4620: gcc -c  -pipe  conftest.c >&5
configure:4620: $? = 0
configure:4628: result: yes
configure:4639: checking whether byte ordering is bigendian
configure:4654: gcc -c  -pipe  conftest.c >&5
conftest.c:21:9: error: unknown type name 'not'
         not a universal capable compiler
         ^
conftest.c:21:15: error: expected '=', ',', ';', 'asm' or '__attribute__' before 'universal'
         not a universal capable compiler
               ^
conftest.c:21:15: error: unknown type name 'universal'
configure:4654: $? = 1
configure: failed program was:
| /* confdefs.h */
| #define PACKAGE_NAME "thread"
| #define PACKAGE_TARNAME "thread"
| #define PACKAGE_VERSION "2.8.0"
| #define PACKAGE_STRING "thread 2.8.0"
| #define PACKAGE_BUGREPORT ""
| #define PACKAGE_URL ""
| #define BUILD_thread /**/
| #define STDC_HEADERS 1
| #define HAVE_SYS_TYPES_H 1
| #define HAVE_SYS_STAT_H 1
| #define HAVE_STDLIB_H 1
| #define HAVE_STRING_H 1
| #define HAVE_MEMORY_H 1
| #define HAVE_STRINGS_H 1
| #define HAVE_INTTYPES_H 1
| #define HAVE_STDINT_H 1
| #define HAVE_UNISTD_H 1
| /* end confdefs.h.  */
| #ifndef __APPLE_CC__
| 	       not a universal capable compiler
| 	     #endif
| 	     typedef int dummy;
| 
configure:4699: gcc -c  -pipe  conftest.c >&5
configure:4699: $? = 0
configure:4717: gcc -c  -pipe  conftest.c >&5
conftest.c: In function 'main':
conftest.c:27:4: error: unknown type name 'not'
    not big endian
    ^
conftest.c:27:12: error: expected '=', ',', ';', 'asm' or '__attribute__' before 'endian'
    not big endian
            ^
configure:4717: $? = 1
configure: failed program was:
| /* confdefs.h */
| #define PACKAGE_NAME "thread"
| #define PACKAGE_TARNAME "thread"
| #define PACKAGE_VERSION "2.8.0"
| #define PACKAGE_STRING "thread 2.8.0"
| #define PACKAGE_BUGREPORT ""
| #define PACKAGE_URL ""
| #define BUILD_thread /**/
| #define STDC_HEADERS 1
| #define HAVE_SYS_TYPES_H 1
| #define HAVE_SYS_STAT_H 1
| #define HAVE_STDLIB_H 1
| #define HAVE_STRING_H 1
| #define HAVE_MEMORY_H 1
| #define HAVE_STRINGS_H 1
| #define HAVE_INTTYPES_H 1
| #define HAVE_STDINT_H 1
| #define HAVE_UNISTD_H 1
| /* end confdefs.h.  */
| #include <sys/types.h>
| 		#include <sys/param.h>
| 
| int
| main ()
| {
| #if BYTE_ORDER != BIG_ENDIAN
| 		 not big endian
| 		#endif
| 
|   ;
|   return 0;
| }
configure:4845: result: no
configure:4872: checking for sin
configure:4872: gcc -o conftest  -pipe   conftest.c  >&5
conftest.c:43:6: warning: conflicting types for built-in function 'sin'
 char sin ();
      ^
/tmp/ccahktxT.o: In function `main':
conftest.c:(.text+0xa): undefined reference to `sin'
collect2: error: ld returned 1 exit status
configure:4872: $? = 1
configure: failed program was:
| /* confdefs.h */
| #define PACKAGE_NAME "thread"
| #define PACKAGE_TARNAME "thread"
| #define PACKAGE_VERSION "2.8.0"
| #define PACKAGE_STRING "thread 2.8.0"
| #define PACKAGE_BUGREPORT ""
| #define PACKAGE_URL ""
| #define BUILD_thread /**/
| #define STDC_HEADERS 1
| #define HAVE_SYS_TYPES_H 1
| #define HAVE_SYS_STAT_H 1
| #define HAVE_STDLIB_H 1
| #define HAVE_STRING_H 1
| #define HAVE_MEMORY_H 1
| #define HAVE_STRINGS_H 1
| #define HAVE_INTTYPES_H 1
| #define HAVE_STDINT_H 1
| #define HAVE_UNISTD_H 1
| /* end confdefs.h.  */
| /* Define sin to an innocuous variant, in case <limits.h> declares sin.
|    For example, HP-UX 11i <limits.h> declares gettimeofday.  */
| #define sin innocuous_sin
| 
| /* System header to define __stub macros and hopefully few prototypes,
|     which can conflict with char sin (); below.
|     Prefer <limits.h> to <assert.h> if __STDC__ is defined, since
|     <limits.h> exists even on freestanding compilers.  */
| 
| #ifdef __STDC__
| # include <limits.h>
| #else
| # include <assert.h>
| #endif
| 
| #undef sin
| 
| /* Override any GCC internal prototype to avoid an error.
|    Use char because int might match the return type of a GCC
|    builtin and then its argument prototype would still apply.  */
| #ifdef __cplusplus
| extern "C"
| #endif
| char sin ();
| /* The GNU C library defines this for functions which it implements
|     to always fail with ENOSYS.  Some functions are actually named
|     something starting with __ and the normal name is an alias.  */
| #if defined __stub_sin || defined __stub___sin
| choke me
| #endif
| 
| int
| main ()
| {
| return sin ();
|   ;
|   return 0;
| }
configure:4872: result: no
configure:4879: checking for main in -lieee
configure:4898: gcc -o conftest  -pipe   conftest.c -lieee   >&5
configure:4898: $? = 0
configure:4907: result: yes
configure:4919: checking for main in -linet
configure:4938: gcc -o conftest  -pipe   conftest.c -linet   >&5
/usr/bin/ld: cannot find -linet
collect2: error: ld returned 1 exit status
configure:4938: $? = 1
configure: failed program was:
| /* confdefs.h */
| #define PACKAGE_NAME "thread"
| #define PACKAGE_TARNAME "thread"
| #define PACKAGE_VERSION "2.8.0"
| #define PACKAGE_STRING "thread 2.8.0"
| #define PACKAGE_BUGREPORT ""
| #define PACKAGE_URL ""
| #define BUILD_thread /**/
| #define STDC_HEADERS 1
| #define HAVE_SYS_TYPES_H 1
| #define HAVE_SYS_STAT_H 1
| #define HAVE_STDLIB_H 1
| #define HAVE_STRING_H 1
| #define HAVE_MEMORY_H 1
| #define HAVE_STRINGS_H 1
| #define HAVE_INTTYPES_H 1
| #define HAVE_STDINT_H 1
| #define HAVE_UNISTD_H 1
| /* end confdefs.h.  */
| 
| 
| int
| main ()
| {
| return main ();
|   ;
|   return 0;
| }
configure:4947: result: no
configure:4953: checking net/errno.h usability
configure:4953: gcc -c  -pipe  conftest.c >&5
conftest.c:53:23: fatal error: net/errno.h: No such file or directory
compilation terminated.
configure:4953: $? = 1
configure: failed program was:
| /* confdefs.h */
| #define PACKAGE_NAME "thread"
| #define PACKAGE_TARNAME "thread"
| #define PACKAGE_VERSION "2.8.0"
| #define PACKAGE_STRING "thread 2.8.0"
| #define PACKAGE_BUGREPORT ""
| #define PACKAGE_URL ""
| #define BUILD_thread /**/
| #define STDC_HEADERS 1
| #define HAVE_SYS_TYPES_H 1
| #define HAVE_SYS_STAT_H 1
| #define HAVE_STDLIB_H 1
| #define HAVE_STRING_H 1
| #define HAVE_MEMORY_H 1
| #define HAVE_STRINGS_H 1
| #define HAVE_INTTYPES_H 1
| #define HAVE_STDINT_H 1
| #define HAVE_UNISTD_H 1
| /* end confdefs.h.  */
| #include <stdio.h>
| #ifdef HAVE_SYS_TYPES_H
| # include <sys/types.h>
| #endif
| #ifdef HAVE_SYS_STAT_H
| # include <sys/stat.h>
| #endif
| #ifdef STDC_HEADERS
| # include <stdlib.h>
| # include <stddef.h>
| #else
| # ifdef HAVE_STDLIB_H
| #  include <stdlib.h>
| # endif
| #endif
| #ifdef HAVE_STRING_H
| # if !defined STDC_HEADERS && defined HAVE_MEMORY_H
| #  include <memory.h>
| # endif
| # include <string.h>
| #endif
| #ifdef HAVE_STRINGS_H
| # include <strings.h>
| #endif
| #ifdef HAVE_INTTYPES_H
| # include <inttypes.h>
| #endif
| #ifdef HAVE_STDINT_H
| # include <stdint.h>
| #endif
| #ifdef HAVE_UNISTD_H
| # include <unistd.h>
| #endif
| #include <net/errno.h>
configure:4953: result: no
configure:4953: checking net/errno.h presence
configure:4953: gcc -E  conftest.c
conftest.c:20:23: fatal error: net/errno.h: No such file or directory
compilation terminated.
configure:4953: $? = 1
configure: failed program was:
| /* confdefs.h */
| #define PACKAGE_NAME "thread"
| #define PACKAGE_TARNAME "thread"
| #define PACKAGE_VERSION "2.8.0"
| #define PACKAGE_STRING "thread 2.8.0"
| #define PACKAGE_BUGREPORT ""
| #define PACKAGE_URL ""
| #define BUILD_thread /**/
| #define STDC_HEADERS 1
| #define HAVE_SYS_TYPES_H 1
| #define HAVE_SYS_STAT_H 1
| #define HAVE_STDLIB_H 1
| #define HAVE_STRING_H 1
| #define HAVE_MEMORY_H 1
| #define HAVE_STRINGS_H 1
| #define HAVE_INTTYPES_H 1
| #define HAVE_STDINT_H 1
| #define HAVE_UNISTD_H 1
| /* end confdefs.h.  */
| #include <net/errno.h>
configure:4953: result: no
configure:4953: checking for net/errno.h
configure:4953: result: no
configure:4982: checking for connect
configure:4982: gcc -o conftest  -pipe   conftest.c  >&5
configure:4982: $? = 0
configure:4982: result: yes
configure:5050: checking for gethostbyname
configure:5050: gcc -o conftest  -pipe   conftest.c  >&5
configure:5050: $? = 0
configure:5050: result: yes
configure:5105: checking dirent.h
configure:5141: gcc -o conftest  -pipe   conftest.c  >&5
configure:5141: $? = 0
configure:5149: result: yes
configure:5159: checking errno.h usability
configure:5159: gcc -c  -pipe  conftest.c >&5
configure:5159: $? = 0
configure:5159: result: yes
configure:5159: checking errno.h presence
configure:5159: gcc -E  conftest.c
configure:5159: $? = 0
configure:5159: result: yes
configure:5159: checking for errno.h
configure:5159: result: yes
configure:5169: checking float.h usability
configure:5169: gcc -c  -pipe  conftest.c >&5
configure:5169: $? = 0
configure:5169: result: yes
configure:5169: checking float.h presence
configure:5169: gcc -E  conftest.c
configure:5169: $? = 0
configure:5169: result: yes
configure:5169: checking for float.h
configure:5169: result: yes
configure:5179: checking values.h usability
configure:5179: gcc -c  -pipe  conftest.c >&5
configure:5179: $? = 0
configure:5179: result: yes
configure:5179: checking values.h presence
configure:5179: gcc -E  conftest.c
configure:5179: $? = 0
configure:5179: result: yes
configure:5179: checking for values.h
configure:5179: result: yes
configure:5189: checking limits.h usability
configure:5189: gcc -c  -pipe  conftest.c >&5
configure:5189: $? = 0
configure:5189: result: yes
configure:5189: checking limits.h presence
configure:5189: gcc -E  conftest.c
configure:5189: $? = 0
configure:5189: result: yes
configure:5189: checking for limits.h
configure:5189: result: yes
configure:5201: checking for stdlib.h
configure:5201: result: yes
configure:5253: checking for string.h
configure:5253: result: yes
configure:5297: checking sys/wait.h usability
configure:5297: gcc -c  -pipe  conftest.c >&5
configure:5297: $? = 0
configure:5297: result: yes
configure:5297: checking sys/wait.h presence
configure:5297: gcc -E  conftest.c
configure:5297: $? = 0
configure:5297: result: yes
configure:5297: checking for sys/wait.h
configure:5297: result: yes
configure:5307: checking dlfcn.h usability
configure:5307: gcc -c  -pipe  conftest.c >&5
configure:5307: $? = 0
configure:5307: result: yes
configure:5307: checking dlfcn.h presence
configure:5307: gcc -E  conftest.c
configure:5307: $? = 0
configure:5307: result: yes
configure:5307: checking for dlfcn.h
configure:5307: result: yes
configure:5321: checking sys/param.h usability
configure:5321: gcc -c  -pipe  conftest.c >&5
configure:5321: $? = 0
configure:5321: result: yes
configure:5321: checking sys/param.h presence
configure:5321: gcc -E  conftest.c
configure:5321: $? = 0
configure:5321: result: yes
configure:5321: checking for sys/param.h
configure:5321: result: yes
configure:5484: checking for NaviServer/AOLserver configuration
configure:5509: result: none found
configure:5757: checking for Tcl public headers
configure:5828: result: /windows/etudes/ECE/ING4/PPE/python/Q_learning/reinforcement_FollE/tcl8.6.6/generic
configure:5889: checking for pthread_mutex_init in -lpthread
configure:5914: gcc -o conftest  -pipe   conftest.c -lpthread   >&5
configure:5914: $? = 0
configure:5923: result: yes
configure:6132: checking for building with threads
configure:6138: result: yes (default)
configure:6179: checking how to build libraries
configure:6213: result: shared
configure:6297: checking for ranlib
configure:6324: result: ranlib
configure:6351: checking if 64bit support is requested
configure:6360: result: no
configure:6365: checking if 64bit Sparc VIS support is requested
configure:6374: result: no
configure:6384: checking if compiler supports visibility "hidden"
configure:6404: gcc -o conftest  -pipe -Werror   conftest.c  >&5
configure:6404: $? = 0
configure:6413: result: yes
configure:6428: checking if rpath support is requested
configure:6437: result: yes
configure:6462: checking system version
configure:6485: result: Linux-4.4.0-62-generic
configure:6565: checking for ar
configure:6581: found /usr/bin/ar
configure:6592: result: ar
configure:8370: checking for cast to union support
configure:8389: gcc -c  -pipe  conftest.c >&5
configure:8389: $? = 0
configure:8397: result: yes
configure:8420: checking for required early compiler flags
configure:8438: gcc -c  -pipe  conftest.c >&5
configure:8438: $? = 0
configure:8485: gcc -c  -pipe  conftest.c >&5
conftest.c: In function 'main':
conftest.c:35:15: error: storage size of 'buf' isn't known
 struct stat64 buf; int i = stat64("/", &buf);
               ^
conftest.c:35:28: warning: implicit declaration of function 'stat64' [-Wimplicit-function-declaration]
 struct stat64 buf; int i = stat64("/", &buf);
                            ^
configure:8485: $? = 1
configure: failed program was:
| /* confdefs.h */
| #define PACKAGE_NAME "thread"
| #define PACKAGE_TARNAME "thread"
| #define PACKAGE_VERSION "2.8.0"
| #define PACKAGE_STRING "thread 2.8.0"
| #define PACKAGE_BUGREPORT ""
| #define PACKAGE_URL ""
| #define BUILD_thread /**/
| #define STDC_HEADERS 1
| #define HAVE_SYS_TYPES_H 1
| #define HAVE_SYS_STAT_H 1
| #define HAVE_STDLIB_H 1
| #define HAVE_STRING_H 1
| #define HAVE_MEMORY_H 1
| #define HAVE_STRINGS_H 1
| #define HAVE_INTTYPES_H 1
| #define HAVE_STDINT_H 1
| #define HAVE_UNISTD_H 1
| #define HAVE_LIMITS_H 1
| #define HAVE_SYS_PARAM_H 1
| #define USE_THREAD_ALLOC 1
| #define _REENTRANT 1
| #define _THREAD_SAFE 1
| #define TCL_THREADS 1
| #define USE_TCL_STUBS 1
| #define USE_TCLOO_STUBS 1
| #define MODULE_SCOPE extern __attribute__((__visibility__("hidden")))
| #define HAVE_HIDDEN 1
| #define HAVE_CAST_TO_UNION 1
| /* end confdefs.h.  */
| #include <sys/stat.h>
| int
| main ()
| {
| struct stat64 buf; int i = stat64("/", &buf);
|   ;
|   return 0;
| }
configure:8500: gcc -c  -pipe  conftest.c >&5
configure:8500: $? = 0
configure:8532: gcc -c  -pipe  conftest.c >&5
conftest.c: In function 'main':
conftest.c:36:19: error: 'open64' undeclared (first use in this function)
 char *p = (char *)open64;
                   ^
conftest.c:36:19: note: each undeclared identifier is reported only once for each function it appears in
configure:8532: $? = 1
configure: failed program was:
| /* confdefs.h */
| #define PACKAGE_NAME "thread"
| #define PACKAGE_TARNAME "thread"
| #define PACKAGE_VERSION "2.8.0"
| #define PACKAGE_STRING "thread 2.8.0"
| #define PACKAGE_BUGREPORT ""
| #define PACKAGE_URL ""
| #define BUILD_thread /**/
| #define STDC_HEADERS 1
| #define HAVE_SYS_TYPES_H 1
| #define HAVE_SYS_STAT_H 1
| #define HAVE_STDLIB_H 1
| #define HAVE_STRING_H 1
| #define HAVE_MEMORY_H 1
| #define HAVE_STRINGS_H 1
| #define HAVE_INTTYPES_H 1
| #define HAVE_STDINT_H 1
| #define HAVE_UNISTD_H 1
| #define HAVE_LIMITS_H 1
| #define HAVE_SYS_PARAM_H 1
| #define USE_THREAD_ALLOC 1
| #define _REENTRANT 1
| #define _THREAD_SAFE 1
| #define TCL_THREADS 1
| #define USE_TCL_STUBS 1
| #define USE_TCLOO_STUBS 1
| #define MODULE_SCOPE extern __attribute__((__visibility__("hidden")))
| #define HAVE_HIDDEN 1
| #define HAVE_CAST_TO_UNION 1
| #define _LARGEFILE64_SOURCE 1
| /* end confdefs.h.  */
| #include <sys/stat.h>
| int
| main ()
| {
| char *p = (char *)open64;
|   ;
|   return 0;
| }
configure:8547: gcc -c  -pipe  conftest.c >&5
conftest.c: In function 'main':
conftest.c:37:19: error: 'open64' undeclared (first use in this function)
 char *p = (char *)open64;
                   ^
conftest.c:37:19: note: each undeclared identifier is reported only once for each function it appears in
configure:8547: $? = 1
configure: failed program was:
| /* confdefs.h */
| #define PACKAGE_NAME "thread"
| #define PACKAGE_TARNAME "thread"
| #define PACKAGE_VERSION "2.8.0"
| #define PACKAGE_STRING "thread 2.8.0"
| #define PACKAGE_BUGREPORT ""
| #define PACKAGE_URL ""
| #define BUILD_thread /**/
| #define STDC_HEADERS 1
| #define HAVE_SYS_TYPES_H 1
| #define HAVE_SYS_STAT_H 1
| #define HAVE_STDLIB_H 1
| #define HAVE_STRING_H 1
| #define HAVE_MEMORY_H 1
| #define HAVE_STRINGS_H 1
| #define HAVE_INTTYPES_H 1
| #define HAVE_STDINT_H 1
| #define HAVE_UNISTD_H 1
| #define HAVE_LIMITS_H 1
| #define HAVE_SYS_PARAM_H 1
| #define USE_THREAD_ALLOC 1
| #define _REENTRANT 1
| #define _THREAD_SAFE 1
| #define TCL_THREADS 1
| #define USE_TCL_STUBS 1
| #define USE_TCLOO_STUBS 1
| #define MODULE_SCOPE extern __attribute__((__visibility__("hidden")))
| #define HAVE_HIDDEN 1
| #define HAVE_CAST_TO_UNION 1
| #define _LARGEFILE64_SOURCE 1
| /* end confdefs.h.  */
| #define _LARGEFILE_SOURCE64 1
| #include <sys/stat.h>
| int
| main ()
| {
| char *p = (char *)open64;
|   ;
|   return 0;
| }
configure:8568: result:  _LARGEFILE64_SOURCE
configure:8573: checking for 64-bit integer type
configure:8592: gcc -c  -pipe  conftest.c >&5
conftest.c: In function 'main':
conftest.c:36:1: error: unknown type name '__int64'
 __int64 value = (__int64) 0;
 ^
conftest.c:36:18: error: '__int64' undeclared (first use in this function)
 __int64 value = (__int64) 0;
                  ^
conftest.c:36:18: note: each undeclared identifier is reported only once for each function it appears in
conftest.c:36:27: error: expected ',' or ';' before numeric constant
 __int64 value = (__int64) 0;
                           ^
configure:8592: $? = 1
configure: failed program was:
| /* confdefs.h */
| #define PACKAGE_NAME "thread"
| #define PACKAGE_TARNAME "thread"
| #define PACKAGE_VERSION "2.8.0"
| #define PACKAGE_STRING "thread 2.8.0"
| #define PACKAGE_BUGREPORT ""
| #define PACKAGE_URL ""
| #define BUILD_thread /**/
| #define STDC_HEADERS 1
| #define HAVE_SYS_TYPES_H 1
| #define HAVE_SYS_STAT_H 1
| #define HAVE_STDLIB_H 1
| #define HAVE_STRING_H 1
| #define HAVE_MEMORY_H 1
| #define HAVE_STRINGS_H 1
| #define HAVE_INTTYPES_H 1
| #define HAVE_STDINT_H 1
| #define HAVE_UNISTD_H 1
| #define HAVE_LIMITS_H 1
| #define HAVE_SYS_PARAM_H 1
| #define USE_THREAD_ALLOC 1
| #define _REENTRANT 1
| #define _THREAD_SAFE 1
| #define TCL_THREADS 1
| #define USE_TCL_STUBS 1
| #define USE_TCLOO_STUBS 1
| #define MODULE_SCOPE extern __attribute__((__visibility__("hidden")))
| #define HAVE_HIDDEN 1
| #define HAVE_CAST_TO_UNION 1
| #define _LARGEFILE64_SOURCE 1
| /* end confdefs.h.  */
| 
| int
| main ()
| {
| __int64 value = (__int64) 0;
|   ;
|   return 0;
| }
configure:8614: gcc -c  -pipe  conftest.c >&5
conftest.c: In function 'main':
conftest.c:37:21: error: duplicate case value
             case 1: case (sizeof(long long)==sizeof(long)): ;
                     ^
conftest.c:37:13: error: previously used here
             case 1: case (sizeof(long long)==sizeof(long)): ;
             ^
configure:8614: $? = 1
configure: failed program was:
| /* confdefs.h */
| #define PACKAGE_NAME "thread"
| #define PACKAGE_TARNAME "thread"
| #define PACKAGE_VERSION "2.8.0"
| #define PACKAGE_STRING "thread 2.8.0"
| #define PACKAGE_BUGREPORT ""
| #define PACKAGE_URL ""
| #define BUILD_thread /**/
| #define STDC_HEADERS 1
| #define HAVE_SYS_TYPES_H 1
| #define HAVE_SYS_STAT_H 1
| #define HAVE_STDLIB_H 1
| #define HAVE_STRING_H 1
| #define HAVE_MEMORY_H 1
| #define HAVE_STRINGS_H 1
| #define HAVE_INTTYPES_H 1
| #define HAVE_STDINT_H 1
| #define HAVE_UNISTD_H 1
| #define HAVE_LIMITS_H 1
| #define HAVE_SYS_PARAM_H 1
| #define USE_THREAD_ALLOC 1
| #define _REENTRANT 1
| #define _THREAD_SAFE 1
| #define TCL_THREADS 1
| #define USE_TCL_STUBS 1
| #define USE_TCLOO_STUBS 1
| #define MODULE_SCOPE extern __attribute__((__visibility__("hidden")))
| #define HAVE_HIDDEN 1
| #define HAVE_CAST_TO_UNION 1
| #define _LARGEFILE64_SOURCE 1
| /* end confdefs.h.  */
| 
| int
| main ()
| {
| switch (0) {
|             case 1: case (sizeof(long long)==sizeof(long)): ;
|         }
|   ;
|   return 0;
| }
configure:8624: result: using long
configure:8768: checking for build with symbols
configure:8781: result: no
configure:8958: checking for tclsh
configure:8993: result: /windows/etudes/ECE/ING4/PPE/python/Q_learning/reinforcement_FollE/tcl8.6.6/unix/tclsh
configure:9159: creating ./config.status

## ---------------------- ##
## Running config.status. ##
## ---------------------- ##

This file was extended by thread config.status 2.8.0, which was
generated by GNU Autoconf 2.69.  Invocation command line was

  CONFIG_FILES    = 
  CONFIG_HEADERS  = 
  CONFIG_LINKS    = 
  CONFIG_COMMANDS = 
  $ ./config.status 

on adrien-MS-7A72

config.status:802: creating Makefile
config.status:802: creating pkgIndex.tcl

## ---------------- ##
## Cache variables. ##
## ---------------- ##

ac_cv_c_bigendian=no
ac_cv_c_compiler_gnu=yes
ac_cv_c_tclconfig=/windows/etudes/ECE/ING4/PPE/python/Q_learning/reinforcement_FollE/tcl8.6.6/unix
ac_cv_c_tclh=/windows/etudes/ECE/ING4/PPE/python/Q_learning/reinforcement_FollE/tcl8.6.6/generic
ac_cv_env_CC_set=
ac_cv_env_CC_value=
ac_cv_env_CFLAGS_set=
ac_cv_env_CFLAGS_value=
ac_cv_env_CPPFLAGS_set=
ac_cv_env_CPPFLAGS_value=
ac_cv_env_CPP_set=
ac_cv_env_CPP_value=
ac_cv_env_LDFLAGS_set=
ac_cv_env_LDFLAGS_value=
ac_cv_env_LIBS_set=
ac_cv_env_LIBS_value=
ac_cv_env_build_alias_set=
ac_cv_env_build_alias_value=
ac_cv_env_host_alias_set=
ac_cv_env_host_alias_value=
ac_cv_env_target_alias_set=
ac_cv_env_target_alias_value=
ac_cv_func_connect=yes
ac_cv_func_gethostbyname=yes
ac_cv_func_sin=no
ac_cv_header_dlfcn_h=yes
ac_cv_header_errno_h=yes
ac_cv_header_float_h=yes
ac_cv_header_inttypes_h=yes
ac_cv_header_limits_h=yes
ac_cv_header_memory_h=yes
ac_cv_header_net_errno_h=no
ac_cv_header_stdc=yes
ac_cv_header_stdint_h=yes
ac_cv_header_stdlib_h=yes
ac_cv_header_string_h=yes
ac_cv_header_strings_h=yes
ac_cv_header_sys_param_h=yes
ac_cv_header_sys_stat_h=yes
ac_cv_header_sys_types_h=yes
ac_cv_header_sys_wait_h=yes
ac_cv_header_unistd_h=yes
ac_cv_header_values_h=yes
ac_cv_lib_ieee_main=yes
ac_cv_lib_inet_main=no
ac_cv_lib_pthread_pthread_mutex_init=yes
ac_cv_objext=o
ac_cv_path_EGREP='/bin/grep -E'
ac_cv_path_GREP=/bin/grep
ac_cv_prog_CPP='gcc -E'
ac_cv_prog_ac_ct_AR=ar
ac_cv_prog_ac_ct_CC=gcc
ac_cv_prog_ac_ct_RANLIB=ranlib
ac_cv_prog_cc_c89=
ac_cv_prog_cc_g=yes
ac_cv_prog_make_make_set=yes
tcl_cv_cast_to_union=yes
tcl_cv_cc_pipe=yes
tcl_cv_cc_visibility_hidden=yes
tcl_cv_dirent_h=yes
tcl_cv_flag__isoc99_source=no
tcl_cv_flag__largefile64_source=yes
tcl_cv_flag__largefile_source64=no
tcl_cv_sys_version=Linux-4.4.0-62-generic
tcl_cv_type_64bit=none

## ----------------- ##
## Output variables. ##
## ----------------- ##

AR='ar'
CC='gcc'
CELIB_DIR=''
CFLAGS=' -pipe ${CFLAGS_DEFAULT} ${CFLAGS_WARNING} ${SHLIB_CFLAGS} '
CFLAGS_DEBUG='-g'
CFLAGS_DEFAULT='-O2 -fomit-frame-pointer -DNDEBUG'
CFLAGS_OPTIMIZE='-O2 -fomit-frame-pointer'
CFLAGS_WARNING='-Wall'
CLEANFILES=''
CPP='gcc -E'
CPPFLAGS=''
CYGPATH='echo'
DEFS='-DPACKAGE_NAME=\"thread\" -DPACKAGE_TARNAME=\"thread\" -DPACKAGE_VERSION=\"2.8.0\" -DPACKAGE_STRING=\"thread\ 2.8.0\" -DPACKAGE_BUGREPORT=\"\" -DPACKAGE_URL=\"\" -DBUILD_thread=/\*\*/ -DSTDC_HEADERS=1 -DHAVE_SYS_TYPES_H=1 -DHAVE_SYS_STAT_H=1 -DHAVE_STDLIB_H=1 -DHAVE_STRING_H=1 -DHAVE_MEMORY_H=1 -DHAVE_STRINGS_H=1 -DHAVE_INTTYPES_H=1 -DHAVE_STDINT_H=1 -DHAVE_UNISTD_H=1 -DHAVE_LIMITS_H=1 -DHAVE_SYS_PARAM_H=1 -DUSE_THREAD_ALLOC=1 -D_REENTRANT=1 -D_THREAD_SAFE=1 -DTCL_THREADS=1 -DUSE_TCL_STUBS=1 -DUSE_TCLOO_STUBS=1 -DMODULE_SCOPE=extern\ __attribute__\(\(__visibility__\(\"hidden\"\)\)\) -DHAVE_HIDDEN=1 -DHAVE_CAST_TO_UNION=1 -D_LARGEFILE64_SOURCE=1 -DTCL_WIDE_INT_IS_LONG=1 -DUSE_TCL_STUBS=1 -DTCL_TIP143=1 -DTCL_TIP285=1'
ECHO_C=''
ECHO_N='-n'
ECHO_T=''
EGREP='/bin/grep -E'
EXEEXT=''
GREP='/bin/grep'
INSTALL='$(SHELL) $(srcdir)/tclconfig/install-sh -c'
INSTALL_DATA='${INSTALL} -m 644'
INSTALL_DATA_DIR='${INSTALL} -d -m 755'
INSTALL_LIBRARY='${INSTALL_DATA}'
INSTALL_PROGRAM='${INSTALL}'
INSTALL_SCRIPT='${INSTALL}'
LDFLAGS=' -Wl,--export-dynamic '
LDFLAGS_DEFAULT=' -Wl,--export-dynamic '
LD_LIBRARY_PATH_VAR='LD_LIBRARY_PATH'
LIBOBJS=''
LIBS=''
LTLIBOBJS=''
MAKE_LIB='${SHLIB_LD} -o $@ $(PKG_OBJECTS) ${SHLIB_LD_LIBS} '
MAKE_SHARED_LIB='${SHLIB_LD} -o $@ $(PKG_OBJECTS) ${SHLIB_LD_LIBS}'
MAKE_STATIC_LIB='${STLIB_LD} $@ $(PKG_OBJECTS)'
MAKE_STUB_LIB='${STLIB_LD} $@ $(PKG_STUB_OBJECTS)'
MATH_LIBS='-lieee -lm'
OBJEXT='o'
PACKAGE_BUGREPORT=''
PACKAGE_NAME='thread'
PACKAGE_STRING='thread 2.8.0'
PACKAGE_TARNAME='thread'
PACKAGE_URL=''
PACKAGE_VERSION='2.8.0'
PATH_SEPARATOR=':'
PKG_CFLAGS='  '
PKG_HEADERS=' generic/tclThread.h'
PKG_INCLUDES=''
PKG_LIBS=''
PKG_LIB_FILE='libthread2.8.0.so'
PKG_OBJECTS=' threadNs.o threadCmd.o threadSvCmd.o threadSpCmd.o threadPoolCmd.o psGdbm.o psLmdb.o threadSvListCmd.o threadSvKeylistCmd.o tclXkeylist.o threadUnix.o'
PKG_SOURCES=' generic/threadNs.c generic/threadCmd.c generic/threadSvCmd.c generic/threadSpCmd.c generic/threadPoolCmd.c generic/psGdbm.c generic/psLmdb.c generic/threadSvListCmd.c generic/threadSvKeylistCmd.c generic/tclXkeylist.c unix/threadUnix.c'
PKG_STUB_LIB_FILE='libthreadstub2.8.0.a'
PKG_STUB_OBJECTS=''
PKG_STUB_SOURCES=''
PKG_TCL_SOURCES=' lib/ttrace.tcl'
RANLIB=':'
RANLIB_STUB='ranlib'
RC=''
SET_MAKE=''
SHARED_BUILD='1'
SHELL='/bin/bash'
SHLIB_CFLAGS='-fPIC'
SHLIB_LD='${CC} -shared ${CFLAGS} ${LDFLAGS_DEFAULT}'
SHLIB_LD_LIBS='${LIBS} -L/windows/etudes/ECE/ING4/PPE/python/Q_learning/reinforcement_FollE/tcl8.6.6/unix -ltclstub8.6'
STLIB_LD='${AR} cr'
STUBS_BUILD='1'
TCLSH_PROG='/windows/etudes/ECE/ING4/PPE/python/Q_learning/reinforcement_FollE/tcl8.6.6/unix/tclsh'
TCL_BIN_DIR='/windows/etudes/ECE/ING4/PPE/python/Q_learning/reinforcement_FollE/tcl8.6.6/unix'
TCL_DBGX=''
TCL_DEFS='-DPACKAGE_NAME=\"tcl\" -DPACKAGE_TARNAME=\"tcl\" -DPACKAGE_VERSION=\"8.6\" -DPACKAGE_STRING=\"tcl\ 8.6\" -DPACKAGE_BUGREPORT=\"\" -DSTDC_HEADERS=1 -DHAVE_SYS_TYPES_H=1 -DHAVE_SYS_STAT_H=1 -DHAVE_STDLIB_H=1 -DHAVE_STRING_H=1 -DHAVE_MEMORY_H=1 -DHAVE_STRINGS_H=1 -DHAVE_INTTYPES_H=1 -DHAVE_STDINT_H=1 -DHAVE_UNISTD_H=1 -DHAVE_SYS_PARAM_H=1 -DUSE_THREAD_ALLOC=1 -D_REENTRANT=1 -D_THREAD_SAFE=1 -DHAVE_PTHREAD_ATTR_SETSTACKSIZE=1 -DHAVE_PTHREAD_ATFORK=1 -DTCL_THREADS=1 -DTCL_CFGVAL_ENCODING=\"iso8859-1\" -DHAVE_ZLIB=1 -DMODULE_SCOPE=extern\ __attribute__\(\(__visibility__\(\"hidden\"\)\)\) -DHAVE_HIDDEN=1 -DHAVE_CAST_TO_UNION=1 -DTCL_SHLIB_EXT=\".so\" -DNDEBUG=1 -DTCL_CFG_OPTIMIZED=1 -DTCL_TOMMATH=1 -DMP_PREC=4 -D_LARGEFILE64_SOURCE=1 -DTCL_WIDE_INT_IS_LONG=1 -DHAVE_GETCWD=1 -DHAVE_MKSTEMP=1 -DHAVE_OPENDIR=1 -DHAVE_STRTOL=1 -DHAVE_WAITPID=1 -DHAVE_GETNAMEINFO=1 -DHAVE_GETADDRINFO=1 -DHAVE_FREEADDRINFO=1 -DHAVE_GAI_STRERROR=1 -DHAVE_STRUCT_ADDRINFO=1 -DHAVE_STRUCT_IN6_ADDR=1 -DHAVE_STRUCT_SOCKADDR_IN6=1 -DHAVE_STRUCT_SOCKADDR_STORAGE=1 -DHAVE_GETPWUID_R_5=1 -DHAVE_GETPWUID_R=1 -DHAVE_GETPWNAM_R_5=1 -DHAVE_GETPWNAM_R=1 -DHAVE_GETGRGID_R_5=1 -DHAVE_GETGRGID_R=1 -DHAVE_GETGRNAM_R_5=1 -DHAVE_GETGRNAM_R=1 -DHAVE_GETHOSTBYNAME_R_6=1 -DHAVE_GETHOSTBYNAME_R=1 -DHAVE_GETHOSTBYADDR_R_8=1 -DHAVE_GETHOSTBYADDR_R=1 -DHAVE_TERMIOS_H=1 -DHAVE_SYS_IOCTL_H=1 -DHAVE_SYS_TIME_H=1 -DTIME_WITH_SYS_TIME=1 -DHAVE_GMTIME_R=1 -DHAVE_LOCALTIME_R=1 -DHAVE_MKTIME=1 -DHAVE_TM_GMTOFF=1 -DHAVE_TIMEZONE_VAR=1 -DHAVE_STRUCT_STAT_ST_BLOCKS=1 -DHAVE_STRUCT_STAT_ST_BLKSIZE=1 -DHAVE_BLKCNT_T=1 -DHAVE_INTPTR_T=1 -DHAVE_UINTPTR_T=1 -DHAVE_SIGNED_CHAR=1 -DHAVE_LANGINFO=1 -DHAVE_MKSTEMPS=1 -DHAVE_FTS=1 -DHAVE_SYS_IOCTL_H=1 -DTCL_UNLOAD_DLLS=1 -DHAVE_CPUID=1 '
TCL_EXTRA_CFLAGS=' -pipe '
TCL_INCLUDES='-I"/windows/etudes/ECE/ING4/PPE/python/Q_learning/reinforcement_FollE/tcl8.6.6/generic"'
TCL_LD_FLAGS=' -Wl,--export-dynamic '
TCL_LIBS='${DL_LIBS} ${LIBS} ${MATH_LIBS}'
TCL_LIB_FILE='libtcl8.6.so'
TCL_LIB_FLAG='-ltcl8.6'
TCL_LIB_SPEC='-L/windows/etudes/ECE/ING4/PPE/python/Q_learning/reinforcement_FollE/tcl8.6.6/unix -ltcl8.6'
TCL_PATCH_LEVEL='.6'
TCL_SHLIB_LD_LIBS='${LIBS}'
TCL_SRC_DIR='/windows/etudes/ECE/ING4/PPE/python/Q_learning/reinforcement_FollE/tcl8.6.6'
TCL_STUB_LIB_FILE='libtclstub8.6.a'
TCL_STUB_LIB_FLAG='-ltclstub8.6'
TCL_STUB_LIB_SPEC='-L/windows/etudes/ECE/ING4/PPE/python/Q_learning/reinforcement_FollE/tcl8.6.6/unix -ltclstub8.6'
TCL_THREADS='1'
TCL_VERSION='8.6'
VC_MANIFEST_EMBED_DLL=''
VC_MANIFEST_EMBED_EXE=''
ac_ct_CC='gcc'
bindir='${exec_prefix}/bin'
build_alias=''
datadir='${datarootdir}'
datarootdir='${prefix}/share'
docdir='${datarootdir}/doc/${PACKAGE_TARNAME}'
dvidir='${docdir}'
exec_prefix='/usr/local'
host_alias=''
htmldir='${docdir}'
includedir='${prefix}/include'
infodir='${datarootdir}/info'
libdir='/usr/local/lib'
libexecdir='${exec_prefix}/libexec'
localedir='${datarootdir}/locale'
localstatedir='${prefix}/var'
mandir='${datarootdir}/man'
oldincludedir='/usr/include'
pdfdir='${docdir}'
prefix='/usr/local'
program_transform_name='s,x,x,'
psdir='${docdir}'
sbindir='${exec_prefix}/sbin'
sharedstatedir='${prefix}/com'
sysconfdir='${prefix}/etc'
target_alias=''

## ----------- ##
## confdefs.h. ##
## ----------- ##

/* confdefs.h */
#define PACKAGE_NAME "thread"
#define PACKAGE_TARNAME "thread"
#define PACKAGE_VERSION "2.8.0"
#define PACKAGE_STRING "thread 2.8.0"
#define PACKAGE_BUGREPORT ""
#define PACKAGE_URL ""
#define BUILD_thread /**/
#define STDC_HEADERS 1
#define HAVE_SYS_TYPES_H 1
#define HAVE_SYS_STAT_H 1
#define HAVE_STDLIB_H 1
#define HAVE_STRING_H 1
#define HAVE_MEMORY_H 1
#define HAVE_STRINGS_H 1
#define HAVE_INTTYPES_H 1
#define HAVE_STDINT_H 1
#define HAVE_UNISTD_H 1
#define HAVE_LIMITS_H 1
#define HAVE_SYS_PARAM_H 1
#define USE_THREAD_ALLOC 1
#define _REENTRANT 1
#define _THREAD_SAFE 1
#define TCL_THREADS 1
#define USE_TCL_STUBS 1
#define USE_TCLOO_STUBS 1
#define MODULE_SCOPE extern __attribute__((__visibility__("hidden")))
#define HAVE_HIDDEN 1
#define HAVE_CAST_TO_UNION 1
#define _LARGEFILE64_SOURCE 1
#define TCL_WIDE_INT_IS_LONG 1
#define USE_TCL_STUBS 1
#define TCL_TIP143 1
#define TCL_TIP285 1

configure: exit 0
